<?xml version="1.0" encoding="UTF-8"?>
<!-- Generated by org.testng.reporters.JUnitReportReporter -->
<testsuite hostname="Karlo" failures="0" tests="5" name="HomePageTest" time="33.141" errors="0" timestamp="2025-02-03T22:05:22 CET" skipped="0">
  <testcase classname="HomePageTest" name="testVijestiPageTitle" time="4.915"/>
  <system-out/>
  <testcase classname="HomePageTest" name="testClickOpusGlobalImage" time="8.479"/>
  <system-out/>
  <testcase classname="HomePageTest" name="testHomePageTitle" time="2.888"/>
  <system-out/>
  <testcase classname="HomePageTest" name="testPogledajViseNavigation" time="10.198"/>
  <system-out/>
  <testcase classname="HomePageTest" name="testSocialLinksArePresent" time="6.661"/>
  <system-out/>
</testsuite> <!-- HomePageTest -->
